Rendering to 1024x1024 image
Loaded data for 100000 circles from snow.par
Loaded scene with 100000 circles
Loaded data for 100000 circles from snow.par
Loaded scene with 100000 circles
---------------------------------------------------------
Initializing CUDA for CudaRenderer
Found 2 CUDA devices
Device 0: GeForce GTX 1070
   SMs:        15
   Global mem: 8120 MB
   CUDA Cap:   6.1
Device 1: GeForce GTX 1070
   SMs:        15
   Global mem: 8120 MB
   CUDA Cap:   6.1
---------------------------------------------------------

Running benchmark, 1 frames, beginning at frame 0 ...
Copying image data from device
***************** Correctness check passed **************************
Clear:    0.1149 ms
Advance:  0.0024 ms
Render:   23.1333 ms
Total:    23.2506 ms

Overall:  0.5881 sec (note units are seconds)
