Rendering to 1024x1024 image
Loaded scene with 25 circles
Loaded scene with 25 circles
---------------------------------------------------------
Initializing CUDA for CudaRenderer
Found 2 CUDA devices
Device 0: GeForce GTX 1070
   SMs:        15
   Global mem: 8120 MB
   CUDA Cap:   6.1
Device 1: GeForce GTX 1070
   SMs:        15
   Global mem: 8120 MB
   CUDA Cap:   6.1
---------------------------------------------------------

Running benchmark, 1 frames, beginning at frame 0 ...
Copying image data from device
***************** Correctness check passed **************************
Clear:    0.1261 ms
Advance:  0.0098 ms
Render:   0.7302 ms
Total:    0.8661 ms

Overall:  0.0750 sec (note units are seconds)
