Rendering to 1024x1024 image
Loaded scene with 10000 circles
---------------------------------------------------------
Initializing CUDA for CudaRenderer
Found 2 CUDA devices
Device 0: GeForce GTX 1070
   SMs:        15
   Global mem: 8120 MB
   CUDA Cap:   6.1
Device 1: GeForce GTX 1070
   SMs:        15
   Global mem: 8120 MB
   CUDA Cap:   6.1
---------------------------------------------------------

Running benchmark, 4 frames, beginning at frame 0 ...
Clear:    4.0747 ms
Advance:  0.0062 ms
Render:   0.0157 ms
Total:    4.0966 ms

Overall:  0.0165 sec (note units are seconds)
