Rendering to 1024x1024 image
Loaded data for 100000 circles from snow.par
Loaded scene with 100000 circles
---------------------------------------------------------
Initializing CUDA for CudaRenderer
Found 2 CUDA devices
Device 0: GeForce GTX 1070
   SMs:        15
   Global mem: 8120 MB
   CUDA Cap:   6.1
Device 1: GeForce GTX 1070
   SMs:        15
   Global mem: 8120 MB
   CUDA Cap:   6.1
---------------------------------------------------------

Running benchmark, 4 frames, beginning at frame 0 ...
Clear:    19.4403 ms
Advance:  0.0078 ms
Render:   0.0188 ms
Total:    19.4669 ms

Overall:  0.0780 sec (note units are seconds)
